[11:06:42] [main/WARN]: Ambiguity between arguments [teleport, destination] and [teleport, targets] with inputs: [Player, 0123, @e, dd12be42-52a9-4a91-a8a1-11c01849e498]
[11:06:42] [main/WARN]: Ambiguity between arguments [teleport, location] and [teleport, destination] with inputs: [0.1 -0.5 .9, 0 0 0]
[11:06:42] [main/WARN]: Ambiguity between arguments [teleport, location] and [teleport, targets] with inputs: [0.1 -0.5 .9, 0 0 0]
[11:06:42] [main/WARN]: Ambiguity between arguments [teleport, targets] and [teleport, destination] with inputs: [Player, 0123, dd12be42-52a9-4a91-a8a1-11c01849e498]
[11:06:42] [main/WARN]: Ambiguity between arguments [teleport, targets, location] and [teleport, targets, destination] with inputs: [0.1 -0.5 .9, 0 0 0]
[11:06:43] [Server thread/INFO]: Starting minecraft server version 1.15.2
[11:06:43] [Server thread/INFO]: Loading properties
[11:06:43] [Server thread/INFO]: Default game type: SURVIVAL
[11:06:43] [Server thread/INFO]: Generating keypair
[11:06:44] [Server thread/INFO]: Starting Minecraft server on *:29885
[11:06:44] [Server thread/INFO]: Using default channel type
[11:06:45] [Server thread/WARN]: **** SERVER IS RUNNING IN OFFLINE/INSECURE MODE!
[11:06:45] [Server thread/WARN]: The server will make no attempt to authenticate usernames. Beware.
[11:06:45] [Server thread/WARN]: While this makes the game possible to play without internet access, it also opens up the ability for hackers to connect with any username they choose.
[11:06:45] [Server thread/WARN]: To change this, set "online-mode" to "true" in the server.properties file.
[11:06:45] [Server thread/INFO]: Preparing level "world"
[11:06:45] [Server thread/INFO]: Reloading ResourceManager: Default
[11:06:46] [Server thread/INFO]: Loaded 6 recipes
[11:06:46] [Server thread/INFO]: Loaded 825 advancements
[11:06:47] [Server thread/INFO]: Preparing start region for dimension minecraft:overworld
[11:06:49] [Server thread/INFO]: Preparing spawn area: 0%
[11:06:49] [Server thread/INFO]: Preparing spawn area: 0%
[11:06:49] [Server thread/INFO]: Preparing spawn area: 0%
[11:06:49] [Server thread/INFO]: Preparing spawn area: 0%
[11:06:49] [Server thread/INFO]: Preparing spawn area: 0%
[11:06:54] [Server-Worker-7/INFO]: Preparing spawn area: 0%
[11:06:54] [Server-Worker-5/INFO]: Preparing spawn area: 0%
[11:06:54] [Server-Worker-1/INFO]: Preparing spawn area: 0%
[11:06:54] [Server-Worker-1/INFO]: Preparing spawn area: 0%
[11:06:54] [Server-Worker-5/INFO]: Preparing spawn area: 0%
[11:06:54] [Server-Worker-7/INFO]: Preparing spawn area: 0%
[11:06:54] [Server-Worker-1/INFO]: Preparing spawn area: 0%
[11:06:54] [Server-Worker-5/INFO]: Preparing spawn area: 0%
[11:06:54] [Server thread/INFO]: Preparing spawn area: 19%
[11:06:54] [Server thread/INFO]: Time elapsed: 6624 ms
[11:06:54] [Server thread/INFO]: Done (8.702s)! For help, type "help"
[13:12:49] [Server thread/INFO]: Sneaky_Spookums[/79.129.238.59:58878] logged in with entity id 293 at (2869.242229123958, 77.0, 1750.0655571253344)
[13:12:50] [Server thread/INFO]: Sneaky_Spookums joined the game
[13:14:54] [Server thread/INFO]: Sneaky_Spookums lost connection: Disconnected
[13:14:54] [Server thread/INFO]: Sneaky_Spookums left the game
[16:49:35] [Server thread/INFO]: Sneaky_Spookums[/79.129.238.59:59939] logged in with entity id 1012 at (2846.8383812968445, 90.0, 1784.028795893534)
[16:49:35] [Server thread/INFO]: Sneaky_Spookums joined the game
[17:27:11] [Server thread/INFO]: [Sneaky_Spookums: Gamerule doDaylightCycle is now set to: true]
[17:27:37] [Server thread/INFO]: [Sneaky_Spookums: The difficulty has been set to Hard]
[17:57:40] [Server thread/WARN]: Can't keep up! Is the server overloaded? Running 5141ms or 102 ticks behind
[17:58:29] [Server thread/WARN]: Can't keep up! Is the server overloaded? Running 5288ms or 105 ticks behind
[17:59:05] [Server thread/WARN]: Sneaky_Spookums moved too quickly! -10.059313387685052,0.0,-0.7497147983694958
[17:59:15] [Server thread/WARN]: Can't keep up! Is the server overloaded? Running 30662ms or 613 ticks behind
[18:02:36] [Server thread/WARN]: Sneaky_Spookums moved too quickly! 9.126053301682077,0.0,-4.888495292940888
[18:31:39] [Server thread/INFO]: [Sneaky_Spookums: Summoned new Minstrel]
[18:31:46] [Server thread/INFO]: Villager axw['Minstrel'/19039, l='world', x=2860.20, y=87.00, z=1784.35] died, message: 'Minstrel was slain by Sneaky_Spookums using [Fireblade]'
[18:33:38] [Server thread/INFO]: [Sneaky_Spookums: Summoned new Minstrel]
[18:33:46] [Server thread/INFO]: Villager axw['Minstrel'/19395, l='world', x=2858.51, y=86.00, z=1782.13] died, message: 'Minstrel was slain by Sneaky_Spookums using [Fireblade]'
[18:34:48] [Server thread/INFO]: [Sneaky_Spookums: Summoned new Minstrel]
[18:35:01] [Server thread/INFO]: Villager axw['Minstrel'/19527, l='world', x=2859.00, y=86.00, z=1782.02] died, message: 'Minstrel was slain by Sneaky_Spookums using [Fireblade]'
[18:35:49] [Server thread/INFO]: [Sneaky_Spookums: Summoned new Minstrel]
[18:35:55] [Server thread/INFO]: Villager axw['Minstrel'/19712, l='world', x=2860.84, y=85.50, z=1784.38] died, message: 'Minstrel was slain by Sneaky_Spookums using [Fireblade]'
[18:37:05] [Server thread/INFO]: [Sneaky_Spookums: Summoned new Minstrel]
[18:37:27] [Server thread/INFO]: Villager axw['Minstrel'/19887, l='world', x=2860.57, y=86.00, z=1784.69] died, message: 'Minstrel was slain by Sneaky_Spookums using [Fireblade]'
[18:37:38] [Server thread/INFO]: [Sneaky_Spookums: Summoned new Minstrel]
[18:37:44] [Server thread/INFO]: Villager axw['Minstrel'/19954, l='world', x=2855.88, y=86.00, z=1784.80] died, message: 'Minstrel was slain by Sneaky_Spookums using [Fireblade]'
[18:38:41] [Server thread/INFO]: [Sneaky_Spookums: Summoned new Minstrel]
[18:38:48] [Server thread/INFO]: Villager axw['Minstrel'/20135, l='world', x=2856.19, y=86.00, z=1782.48] died, message: 'Minstrel was slain by Sneaky_Spookums using [Fireblade]'
[18:39:28] [Server thread/INFO]: [Sneaky_Spookums: Summoned new Minstrel]
[18:51:23] [Server thread/INFO]: Sneaky_Spookums lost connection: Disconnected
[18:51:23] [Server thread/INFO]: Sneaky_Spookums left the game
[18:51:35] [Server thread/WARN]: Can't keep up! Is the server overloaded? Running 8801ms or 176 ticks behind
[19:22:23] [Server thread/INFO]: Sneaky_Spookums[/79.129.238.59:61353] logged in with entity id 22230 at (2870.929669927553, 85.0, 1766.790433093459)
[19:22:23] [Server thread/INFO]: Sneaky_Spookums joined the game
[20:00:58] [Server thread/INFO]: Sneaky_Spookums lost connection: Disconnected
[20:00:58] [Server thread/INFO]: Sneaky_Spookums left the game
