[14:02:09] [main/WARN]: Ambiguity between arguments [teleport, location] and [teleport, destination] with inputs: [0.1 -0.5 .9, 0 0 0]
[14:02:09] [main/WARN]: Ambiguity between arguments [teleport, location] and [teleport, targets] with inputs: [0.1 -0.5 .9, 0 0 0]
[14:02:09] [main/WARN]: Ambiguity between arguments [teleport, targets] and [teleport, destination] with inputs: [Player, 0123, dd12be42-52a9-4a91-a8a1-11c01849e498]
[14:02:09] [main/WARN]: Ambiguity between arguments [teleport, targets, location] and [teleport, targets, destination] with inputs: [0.1 -0.5 .9, 0 0 0]
[14:02:12] [Server thread/INFO]: Starting minecraft server version 1.15.2
[14:02:12] [Server thread/INFO]: Loading properties
[14:02:12] [Server thread/INFO]: Default game type: SURVIVAL
[14:02:12] [Server thread/INFO]: Generating keypair
[14:02:12] [Server thread/INFO]: Starting Minecraft server on *:29885
[14:02:12] [Server thread/INFO]: Using default channel type
[14:02:14] [Server thread/WARN]: **** SERVER IS RUNNING IN OFFLINE/INSECURE MODE!
[14:02:14] [Server thread/WARN]: The server will make no attempt to authenticate usernames. Beware.
[14:02:14] [Server thread/WARN]: While this makes the game possible to play without internet access, it also opens up the ability for hackers to connect with any username they choose.
[14:02:14] [Server thread/WARN]: To change this, set "online-mode" to "true" in the server.properties file.
[14:02:14] [Server thread/INFO]: Preparing level "world"
[14:02:15] [Server thread/INFO]: Reloading ResourceManager: Default
[14:02:15] [Server thread/INFO]: Loaded 6 recipes
[14:02:16] [Server thread/INFO]: Loaded 825 advancements
[14:02:17] [Server thread/INFO]: Preparing start region for dimension minecraft:overworld
[14:02:20] [Server thread/INFO]: Preparing spawn area: 0%
[14:02:20] [Server thread/INFO]: Preparing spawn area: 0%
[14:02:20] [Server thread/INFO]: Preparing spawn area: 0%
[14:02:20] [Server thread/INFO]: Preparing spawn area: 0%
[14:02:20] [Server thread/INFO]: Preparing spawn area: 0%
[14:02:20] [Server thread/INFO]: Preparing spawn area: 0%
[14:02:20] [Server thread/INFO]: Preparing spawn area: 0%
[14:02:21] [Server thread/INFO]: Preparing spawn area: 0%
[14:02:21] [Server thread/INFO]: Preparing spawn area: 83%
[14:02:21] [Server thread/WARN]: Keeping entity minecraft:dolphin that already exists with UUID eb2997a1-5358-43b9-9d4f-4678cde762e0
[14:02:21] [Server thread/WARN]: Keeping entity minecraft:pufferfish that already exists with UUID fd74237d-36d6-4702-9475-59f5b1aa2e19
[14:02:21] [Server thread/WARN]: Keeping entity minecraft:dolphin that already exists with UUID 9ed0050e-cfb9-4fb9-a75d-274350e46f81
[14:02:21] [Server thread/WARN]: Keeping entity minecraft:pufferfish that already exists with UUID 25c2785e-a0ab-447f-88de-073be51bf629
[14:02:21] [Server thread/WARN]: Keeping entity minecraft:dolphin that already exists with UUID d0b61b37-233e-4668-a7fa-9ce206919c53
[14:02:21] [Server thread/WARN]: Keeping entity minecraft:dolphin that already exists with UUID d5f2f121-246e-46ea-a6ab-6f885471c71a
[14:02:21] [Server thread/WARN]: Keeping entity minecraft:dolphin that already exists with UUID 5d8aff90-a325-490b-b3a8-9d1bc4f6687f
[14:02:21] [Server thread/INFO]: Time elapsed: 4677 ms
[14:02:21] [Server thread/INFO]: Done (7.162s)! For help, type "help"
[14:02:24] [Server thread/WARN]: Can't keep up! Is the server overloaded? Running 2373ms or 47 ticks behind
[14:02:43] [Server thread/WARN]: Can't keep up! Is the server overloaded? Running 4167ms or 83 ticks behind
[14:03:43] [Server thread/INFO]: Sneaky_Spookums[/127.0.0.1:65146] logged in with entity id 655 at (2778.4242456731686, 100.47460716403121, 1602.0865499304468)
[14:03:43] [Server thread/INFO]: Sneaky_Spookums joined the game
[14:03:45] [Server thread/WARN]: Can't keep up! Is the server overloaded? Running 2139ms or 42 ticks behind
[14:04:15] [Server thread/WARN]: Can't keep up! Is the server overloaded? Running 15479ms or 309 ticks behind
[14:04:34] [Server thread/WARN]: Can't keep up! Is the server overloaded? Running 3823ms or 76 ticks behind
[15:23:55] [Server thread/WARN]: Can't keep up! Is the server overloaded? Running 2050ms or 41 ticks behind
[15:30:39] [Server thread/INFO]: [Sneaky_Spookums: Set the time to 1000]
[15:35:49] [Server thread/INFO]: [@: Teleported 2 entities to 2829.5, 20.0, 1748.5]
[15:35:49] [Server thread/INFO]: [@: Teleported Creeper to 2829.5, 20.0, 1748.5]
[15:35:55] [Server thread/INFO]: [@: Teleported Skeleton to 2829.5, 20.0, 1748.5]
[15:44:08] [Server thread/WARN]: Can't keep up! Is the server overloaded? Running 2023ms or 40 ticks behind
[17:28:02] [Server thread/INFO]: [Sneaky_Spookums: Gamerule doDaylightCycle is now set to: true]
[17:29:12] [Server thread/INFO]: Villager axw['Villager'/44720, l='world', x=2790.84, y=73.44, z=1602.23] died, message: 'Villager went up in flames'
[17:29:33] [Server thread/INFO]: [@: Teleported 2 entities to 2829.5, 20.0, 1748.5]
[17:29:37] [Server thread/INFO]: [@: Teleported Creeper to 2829.5, 20.0, 1748.5]
[17:29:37] [Server thread/INFO]: [@: Teleported 2 entities to 2829.5, 20.0, 1748.5]
[17:29:37] [Server thread/INFO]: [@: Teleported Creeper to 2829.5, 20.0, 1748.5]
[17:29:42] [Server thread/INFO]: [@: Teleported 5 entities to 2829.5, 20.0, 1748.5]
[17:29:42] [Server thread/INFO]: [@: Teleported Zombie to 2829.5, 20.0, 1748.5]
[17:29:42] [Server thread/INFO]: [@: Teleported Spider to 2829.5, 20.0, 1748.5]
[17:29:43] [Server thread/INFO]: [@: Teleported Creeper to 2829.5, 20.0, 1748.5]
[17:29:44] [Server thread/INFO]: [@: Teleported Creeper to 2829.5, 20.0, 1748.5]
[17:29:46] [Server thread/INFO]: [@: Teleported Zombie to 2829.5, 20.0, 1748.5]
[17:29:46] [Server thread/INFO]: [@: Teleported Creeper to 2829.5, 20.0, 1748.5]
[17:29:46] [Server thread/INFO]: [@: Teleported Zombie to 2829.5, 20.0, 1748.5]
[17:29:46] [Server thread/INFO]: [@: Teleported Skeleton to 2829.5, 20.0, 1748.5]
[17:29:47] [Server thread/INFO]: [@: Teleported 3 entities to 2829.5, 20.0, 1748.5]
[17:29:47] [Server thread/INFO]: [@: Teleported Skeleton to 2829.5, 20.0, 1748.5]
[17:29:47] [Server thread/INFO]: [@: Teleported Skeleton to 2829.5, 20.0, 1748.5]
[17:29:47] [Server thread/INFO]: [@: Teleported 3 entities to 2829.5, 20.0, 1748.5]
[17:29:47] [Server thread/INFO]: [@: Teleported Creeper to 2829.5, 20.0, 1748.5]
[17:29:47] [Server thread/INFO]: [@: Teleported 4 entities to 2829.5, 20.0, 1748.5]
[17:29:47] [Server thread/INFO]: [@: Teleported 4 entities to 2829.5, 20.0, 1748.5]
[17:29:48] [Server thread/INFO]: [@: Teleported 2 entities to 2829.5, 20.0, 1748.5]
[17:29:48] [Server thread/INFO]: [@: Teleported 4 entities to 2829.5, 20.0, 1748.5]
[17:29:48] [Server thread/INFO]: [@: Teleported 2 entities to 2829.5, 20.0, 1748.5]
[17:29:48] [Server thread/INFO]: [@: Teleported 4 entities to 2829.5, 20.0, 1748.5]
[17:29:49] [Server thread/INFO]: [@: Teleported Creeper to 2829.5, 20.0, 1748.5]
[17:29:49] [Server thread/INFO]: [@: Teleported Creeper to 2829.5, 20.0, 1748.5]
[17:29:49] [Server thread/INFO]: [@: Teleported Zombie to 2829.5, 20.0, 1748.5]
[17:29:49] [Server thread/INFO]: [@: Teleported Zombie to 2829.5, 20.0, 1748.5]
[17:29:49] [Server thread/INFO]: [@: Teleported Spider to 2829.5, 20.0, 1748.5]
[17:29:49] [Server thread/INFO]: [@: Teleported 3 entities to 2829.5, 20.0, 1748.5]
[17:29:49] [Server thread/INFO]: [@: Teleported Spider to 2829.5, 20.0, 1748.5]
[17:29:50] [Server thread/INFO]: [@: Teleported 2 entities to 2829.5, 20.0, 1748.5]
[17:29:50] [Server thread/INFO]: [@: Teleported Creeper to 2829.5, 20.0, 1748.5]
[17:29:51] [Server thread/INFO]: [@: Teleported Spider to 2829.5, 20.0, 1748.5]
[17:29:52] [Server thread/INFO]: [@: Teleported Zombie to 2829.5, 20.0, 1748.5]
[17:29:53] [Server thread/INFO]: [@: Teleported Skeleton to 2829.5, 20.0, 1748.5]
[17:29:54] [Server thread/INFO]: [@: Teleported Skeleton to 2829.5, 20.0, 1748.5]
[17:29:54] [Server thread/INFO]: [@: Teleported Zombie to 2829.5, 20.0, 1748.5]
[17:29:54] [Server thread/INFO]: [@: Teleported Creeper to 2829.5, 20.0, 1748.5]
[17:29:54] [Server thread/INFO]: [@: Teleported Skeleton to 2829.5, 20.0, 1748.5]
[17:29:56] [Server thread/INFO]: [@: Teleported Creeper to 2829.5, 20.0, 1748.5]
[17:29:56] [Server thread/INFO]: [@: Teleported Skeleton to 2829.5, 20.0, 1748.5]
[17:29:56] [Server thread/INFO]: [@: Teleported 2 entities to 2829.5, 20.0, 1748.5]
[17:30:10] [Server thread/INFO]: Sneaky_Spookums lost connection: Disconnected
[17:30:10] [Server thread/INFO]: Sneaky_Spookums left the game
[17:30:14] [Server thread/INFO]: Stopping server
[17:30:14] [Server thread/INFO]: Saving players
[17:30:14] [Server thread/INFO]: Saving worlds
[17:30:14] [Server thread/INFO]: Saving chunks for level 'world'/minecraft:the_nether
[17:30:14] [Server thread/INFO]: ThreadedAnvilChunkStorage (DIM-1): All chunks are saved
[17:30:14] [Server thread/INFO]: Saving chunks for level 'world'/minecraft:the_end
[17:30:14] [Server thread/INFO]: ThreadedAnvilChunkStorage (DIM1): All chunks are saved
[17:30:14] [Server thread/INFO]: Saving chunks for level 'world'/minecraft:overworld
[17:30:15] [Server thread/INFO]: ThreadedAnvilChunkStorage (world): All chunks are saved
[17:30:15] [Server thread/INFO]: ThreadedAnvilChunkStorage (DIM-1): All chunks are saved
[17:30:15] [Server thread/INFO]: ThreadedAnvilChunkStorage (DIM1): All chunks are saved
[17:30:15] [Server thread/INFO]: ThreadedAnvilChunkStorage (world): All chunks are saved
